[debug] [2022-10-21T03:13:00.952Z] ----------------------------------------------------------------------
[debug] [2022-10-21T03:13:00.954Z] Command:       C:\Program Files\nodejs\node.exe C:\Users\MSI\AppData\Roaming\npm\node_modules\firebase-tools\lib\bin\firebase.js init
[debug] [2022-10-21T03:13:00.955Z] CLI Version:   11.15.0
[debug] [2022-10-21T03:13:00.955Z] Platform:      win32
[debug] [2022-10-21T03:13:00.955Z] Node Version:  v16.18.0
[debug] [2022-10-21T03:13:00.956Z] Time:          Fri Oct 21 2022 10:13:00 GMT+0700 (Indochina Time)
[debug] [2022-10-21T03:13:00.956Z] ----------------------------------------------------------------------
[debug] 
[debug] [2022-10-21T03:13:01.035Z] > command requires scopes: ["email","openid","https://www.googleapis.com/auth/cloudplatformprojects.readonly","https://www.googleapis.com/auth/firebase","https://www.googleapis.com/auth/cloud-platform"]
[debug] [2022-10-21T03:13:01.035Z] > authorizing via signed-in user (doilatheday0022@gmail.com)
[info] 
     ######## #### ########  ######## ########     ###     ######  ########
     ##        ##  ##     ## ##       ##     ##  ##   ##  ##       ##
     ######    ##  ########  ######   ########  #########  ######  ######
     ##        ##  ##    ##  ##       ##     ## ##     ##       ## ##
     ##       #### ##     ## ######## ########  ##     ##  ######  ########

You're about to initialize a Firebase project in this directory:

  E:\Udemy\videoshare

Before we get started, keep in mind:

  * You are initializing within an existing Firebase project directory

[info] 
=== Project Setup
[info] 
[info] First, let's associate this project directory with a Firebase project.
[info] You can create multiple project aliases by running firebase use --add, 
[info] but for now we'll just set up a default project.
[info] 
[debug] [2022-10-21T03:13:04.224Z] Using project from CLI flag: eshop-cfa97
[debug] [2022-10-21T03:13:04.227Z] >>> [apiv2][query] GET https://firebase.googleapis.com/v1beta1/projects/eshop-cfa97 [none]
[debug] [2022-10-21T03:13:04.923Z] <<< [apiv2][status] GET https://firebase.googleapis.com/v1beta1/projects/eshop-cfa97 200
[debug] [2022-10-21T03:13:04.923Z] <<< [apiv2][body] GET https://firebase.googleapis.com/v1beta1/projects/eshop-cfa97 {"projectId":"eshop-cfa97","projectNumber":"481987300441","displayName":"eshop","name":"projects/eshop-cfa97","resources":{"hostingSite":"eshop-cfa97","realtimeDatabaseInstance":"eshop-cfa97-default-rtdb"},"state":"ACTIVE","etag":"1_da2d0b7e-57e7-4972-9757-93fa49e38fb0"}
[info] i  Using project eshop-cfa97 (eshop) 
[info] 
=== Hosting Setup
[info] 
[info] Your public directory is the folder (relative to your project directory) that
[info] will contain Hosting assets to be uploaded with firebase deploy. If you
[info] have a build process for your assets, use your build's output directory.
[info] 
[debug] [2022-10-21T03:13:18.136Z] >>> [apiv2][query] GET https://www.gstatic.com/firebasejs/releases.json [none]
[debug] [2022-10-21T03:13:18.305Z] <<< [apiv2][status] GET https://www.gstatic.com/firebasejs/releases.json 200
[debug] [2022-10-21T03:13:18.306Z] <<< [apiv2][body] GET https://www.gstatic.com/firebasejs/releases.json {"current":{"version":"9.12.1","browserURL":"https://www.gstatic.com/firebasejs/9.12.1/firebase.js","packageURL":"https://www.gstatic.com/firebasejs/9.12.1/firebase.tgz"},"live":{"version":"9.12","browserURL":"https://www.gstatic.com/firebasejs/live/9.12/firebase.js","packageURL":"https://www.gstatic.com/firebasejs/live/9.12/firebase.tgz"},"components":{"analytics":"https://www.gstatic.com/firebasejs/9.12.1/firebase-analytics.js","app":"https://www.gstatic.com/firebasejs/9.12.1/firebase-app.js","app-check":"https://www.gstatic.com/firebasejs/9.12.1/firebase-app-check.js","auth":"https://www.gstatic.com/firebasejs/9.12.1/firebase-auth.js","auth/cordova":"https://www.gstatic.com/firebasejs/9.12.1/firebase-auth/cordova.js","auth/react-native":"https://www.gstatic.com/firebasejs/9.12.1/firebase-auth/react-native.js","functions":"https://www.gstatic.com/firebasejs/9.12.1/firebase-functions.js","firestore":"https://www.gstatic.com/firebasejs/9.12.1/firebase-firestore.js","firestore/lite":"https://www.gstatic.com/firebasejs/9.12.1/firebase-firestore/lite.js","installations":"https://www.gstatic.com/firebasejs/9.12.1/firebase-installations.js","storage":"https://www.gstatic.com/firebasejs/9.12.1/firebase-storage.js","performance":"https://www.gstatic.com/firebasejs/9.12.1/firebase-performance.js","remote-config":"https://www.gstatic.com/firebasejs/9.12.1/firebase-remote-config.js","messaging":"https://www.gstatic.com/firebasejs/9.12.1/firebase-messaging.js","messaging/sw":"https://www.gstatic.com/firebasejs/9.12.1/firebase-messaging/sw.js","database":"https://www.gstatic.com/firebasejs/9.12.1/firebase-database.js","firestore.memory":"https://www.gstatic.com/firebasejs/9.12.1/firebase-firestore.memory.js"}}
[info] +  Wrote public/index.html 
[info] 
[info] i  Detected a .git folder at E:\Udemy\videoshare 
[info] i  Authorizing with GitHub to upload your service account to a GitHub repository's secrets store. 
[info] 
[info] Visit this URL on this device to log in:
[info] https://github.com/login/oauth/authorize?client_id=89cf50f02ac6aaed3484&state=908957019&redirect_uri=http%3A%2F%2Flocalhost%3A9005&scope=read%3Auser%20repo%20public_repo
[info] 
[info] Waiting for authentication...
[debug] [2022-10-21T03:13:20.745Z] >>> [apiv2][query] POST https://github.com/login/oauth/access_token [none]
[debug] [2022-10-21T03:13:20.746Z] >>> [apiv2][body] POST https://github.com/login/oauth/access_token [stream]
[debug] [2022-10-21T03:13:21.301Z] <<< [apiv2][status] POST https://github.com/login/oauth/access_token 200
[debug] [2022-10-21T03:13:21.302Z] <<< [apiv2][body] POST https://github.com/login/oauth/access_token {"access_token":"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","token_type":"bearer","scope":"read:user,repo"}
[debug] [2022-10-21T03:13:21.322Z] >>> [apiv2][query] GET https://api.github.com/user [none]
[debug] [2022-10-21T03:13:21.847Z] <<< [apiv2][status] GET https://api.github.com/user 200
[debug] [2022-10-21T03:13:21.847Z] <<< [apiv2][body] GET https://api.github.com/user {"login":"thachnguyen281995","id":98725769,"node_id":"U_kgDOBeJviQ","avatar_url":"https://avatars.githubusercontent.com/u/98725769?v=4","gravatar_id":"","url":"https://api.github.com/users/thachnguyen281995","html_url":"https://github.com/thachnguyen281995","followers_url":"https://api.github.com/users/thachnguyen281995/followers","following_url":"https://api.github.com/users/thachnguyen281995/following{/other_user}","gists_url":"https://api.github.com/users/thachnguyen281995/gists{/gist_id}","starred_url":"https://api.github.com/users/thachnguyen281995/starred{/owner}{/repo}","subscriptions_url":"https://api.github.com/users/thachnguyen281995/subscriptions","organizations_url":"https://api.github.com/users/thachnguyen281995/orgs","repos_url":"https://api.github.com/users/thachnguyen281995/repos","events_url":"https://api.github.com/users/thachnguyen281995/events{/privacy}","received_events_url":"https://api.github.com/users/thachnguyen281995/received_events","type":"User","site_admin":false,"name":"Thạch Nguyễn","company":null,"blog":"","location":"VietNam","email":null,"hireable":null,"bio":null,"twitter_username":null,"public_repos":21,"public_gists":0,"followers":0,"following":2,"created_at":"2022-01-31T03:51:57Z","updated_at":"2022-10-18T05:26:40Z","private_gists":0,"total_private_repos":0,"owned_private_repos":0,"disk_usage":75086,"collaborators":0,"two_factor_authentication":false,"plan":{"name":"free","space":976562499,"collaborators":0,"private_repos":10000}}
[info] 
[info] +  Success! Logged into GitHub as thachnguyen281995 
[info] 
